2025-05-02 13:42:21 INFO  Utils:112 - [TestNG] Running:
  E:\Projects\OpencartV121-master\master.xml

2025-05-02 14:09:53 INFO  TC001_AccountRegistrationTest:15 - ***** Starting TC001_AccountRegistrationTest  ****
2025-05-02 14:09:53 INFO  TC001_AccountRegistrationTest:21 - Clicked on MyAccount Link.. 
2025-05-02 14:09:54 INFO  TC001_AccountRegistrationTest:24 - Clicked on Register Link.. 
2025-05-02 14:09:54 INFO  TC001_AccountRegistrationTest:28 - Providing customer details...
2025-05-02 14:09:56 INFO  TC001_AccountRegistrationTest:42 - Validating expected message..
2025-05-02 14:09:56 INFO  TC001_AccountRegistrationTest:47 - Test passed
2025-05-02 14:09:56 INFO  TC001_AccountRegistrationTest:56 - ***** Finished TC001_AccountRegistrationTest *****
2025-05-02 14:10:01 INFO  TC002_LoginTest:16 - ****** Startign TC_002_LoginTest *****
2025-05-02 14:10:03 INFO  TC002_LoginTest:41 - ****** Finished TC_002_LoginTest *****
2025-05-02 14:26:25 INFO  TC001_AccountRegistrationTest:15 - ***** Starting TC001_AccountRegistrationTest  ****
2025-05-02 14:26:26 INFO  TC001_AccountRegistrationTest:21 - Clicked on MyAccount Link.. 
2025-05-02 14:26:26 INFO  TC001_AccountRegistrationTest:24 - Clicked on Register Link.. 
2025-05-02 14:26:26 INFO  TC001_AccountRegistrationTest:28 - Providing customer details...
2025-05-02 14:26:29 INFO  TC001_AccountRegistrationTest:42 - Validating expected message..
2025-05-02 14:26:29 INFO  TC001_AccountRegistrationTest:47 - Test passed
2025-05-02 14:26:29 INFO  TC001_AccountRegistrationTest:56 - ***** Finished TC001_AccountRegistrationTest *****
2025-05-02 14:26:35 INFO  TC002_LoginTest:16 - ****** Startign TC_002_LoginTest *****
2025-05-02 14:26:37 INFO  TC002_LoginTest:41 - ****** Finished TC_002_LoginTest *****
2025-05-02 14:30:49 INFO  TC001_AccountRegistrationTest:15 - ***** Starting TC001_AccountRegistrationTest  ****
2025-05-02 14:30:50 INFO  TC001_AccountRegistrationTest:21 - Clicked on MyAccount Link.. 
2025-05-02 14:30:50 INFO  TC001_AccountRegistrationTest:24 - Clicked on Register Link.. 
2025-05-02 14:30:50 INFO  TC001_AccountRegistrationTest:28 - Providing customer details...
2025-05-02 14:30:53 INFO  TC001_AccountRegistrationTest:42 - Validating expected message..
2025-05-02 14:30:53 INFO  TC001_AccountRegistrationTest:47 - Test passed
2025-05-02 14:30:53 INFO  TC001_AccountRegistrationTest:56 - ***** Finished TC001_AccountRegistrationTest *****
2025-05-02 14:30:59 INFO  TC002_LoginTest:16 - ****** Startign TC_002_LoginTest *****
2025-05-02 14:31:01 INFO  TC002_LoginTest:41 - ****** Finished TC_002_LoginTest *****
